Using pre-set license
Built from '2020.3/staging' branch; Version is '2020.3.0f1 (c7b5465681fb) revision 13088070'; Using compiler version '192528614'; Build Type 'Release'
OS: 'Windows 10 Pro; OS build 19042.1165; Version 2009; 64bit' Language: 'en' Physical Memory: 16262 MB
BatchMode: 1, IsHumanControllingUs: 0, StartBugReporterOnCrash: 0, Is64bit: 1, IsPro: 0

 COMMAND LINE ARGUMENTS:
C:\Program Files\Unity\Hub\Editor\2020.3.0f1\Editor\Unity.exe
-adb2
-batchMode
-noUpm
-name
AssetImportWorker0
-projectPath
C:/Users/kopko/Documents/HookYou
-logFile
Logs/AssetImportWorker0.log
-srvPort
54930
Successfully changed project path to: C:/Users/kopko/Documents/HookYou
C:/Users/kopko/Documents/HookYou
Using Asset Import Pipeline V2.
Refreshing native plugins compatible for Editor in 122.03 ms, found 1 plugins.
Preloading 0 native plugins for Editor in 0.00 ms.
Initialize engine version: 2020.3.0f1 (c7b5465681fb)
[Subsystems] Discovering subsystems at path C:/Program Files/Unity/Hub/Editor/2020.3.0f1/Editor/Data/Resources/UnitySubsystems
[Subsystems] Discovering subsystems at path C:/Users/kopko/Documents/HookYou/Assets
GfxDevice: creating device client; threaded=0
Direct3D:
    Version:  Direct3D 11.0 [level 11.1]
    Renderer: NVIDIA GeForce GTX 1050 (ID=0x1c8d)
    Vendor:   
    VRAM:     1979 MB
    Driver:   27.21.14.6231
Shader 'Universal Render Pipeline/Particles/Lit': fallback shader 'Universal Render Pipeline/Particles/SimpleLit' not found
Initialize mono
Mono path[0] = 'C:/Program Files/Unity/Hub/Editor/2020.3.0f1/Editor/Data/Managed'
Mono path[1] = 'C:/Program Files/Unity/Hub/Editor/2020.3.0f1/Editor/Data/MonoBleedingEdge/lib/mono/unityjit'
Mono config path = 'C:/Program Files/Unity/Hub/Editor/2020.3.0f1/Editor/Data/MonoBleedingEdge/etc'
Using monoOptions --debugger-agent=transport=dt_socket,embedding=1,server=y,suspend=n,address=127.0.0.1:56800
Begin MonoManager ReloadAssembly
Registering precompiled unity dll's ...
Register platform support module: C:/Program Files/Unity/Hub/Editor/2020.3.0f1/Editor/Data/PlaybackEngines/WebGLSupport/UnityEditor.WebGL.Extensions.dll
Register platform support module: C:/Program Files/Unity/Hub/Editor/2020.3.0f1/Editor/Data/PlaybackEngines/WindowsStandaloneSupport/UnityEditor.WindowsStandalone.Extensions.dll
Registered in 0.002659 seconds.
Native extension for WindowsStandalone target not found
Native extension for WebGL target not found
Refreshing native plugins compatible for Editor in 126.30 ms, found 1 plugins.
Preloading 0 native plugins for Editor in 0.00 ms.
Invoked RoslynAnalysisRunner static constructor.
RoslynAnalysisRunner will not be running.
RoslynAnalysisRunner has terminated.
Mono: successfully reloaded assembly
- Completed reload, in  6.731 seconds
Platform modules already initialized, skipping
Registering precompiled user dll's ...
Registered in 0.003365 seconds.
Begin MonoManager ReloadAssembly
Native extension for WindowsStandalone target not found
Native extension for WebGL target not found
Refreshing native plugins compatible for Editor in 161.70 ms, found 1 plugins.
Preloading 0 native plugins for Editor in 0.00 ms.
Invoked RoslynAnalysisRunner static constructor.
RoslynAnalysisRunner will not be running.
RoslynAnalysisRunner has terminated.
Mono: successfully reloaded assembly
- Completed reload, in  2.409 seconds
Platform modules already initialized, skipping
========================================================================
Worker process is ready to serve import requests
Shader 'Universal Render Pipeline/Particles/Lit': fallback shader 'Universal Render Pipeline/Particles/SimpleLit' not found
Launched and connected shader compiler UnityShaderCompiler.exe after 0.08 seconds
Refreshing native plugins compatible for Editor in 1.83 ms, found 1 plugins.
Preloading 0 native plugins for Editor in 0.00 ms.
Unloading 3138 Unused Serialized files (Serialized files now loaded: 0)
System memory in use before: 138.6 MB.
System memory in use after: 138.9 MB.

Unloading 20 unused Assets to reduce memory usage. Loaded Objects now: 3591.
Total: 4.605600 ms (FindLiveObjects: 0.388200 ms CreateObjectMapping: 0.348300 ms MarkObjects: 3.811800 ms  DeleteObjects: 0.055300 ms)

========================================================================
Received Import Request.
  path: Assets/Sprites/New Sprites/boss.png
  artifactKey: Guid(120c4ac7ca18bb749ab22cb7fbd53a37) Importer(815301076,1909f56bfc062723c751e8b465ee728b)
Start importing Assets/Sprites/New Sprites/boss.png using Guid(120c4ac7ca18bb749ab22cb7fbd53a37) Importer(815301076,1909f56bfc062723c751e8b465ee728b)  -> (artifact id: '47536b1cecd1546fad0c73decd58d23e') in 0.287673 seconds
  Import took 0.297856 seconds .

========================================================================
Received Import Request.
  Time since last request: 0.000838 seconds.
  path: Assets/Sprites/New Sprites/small-enemy.png
  artifactKey: Guid(71112ed6a81a14545bcc0067a77fb94b) Importer(815301076,1909f56bfc062723c751e8b465ee728b)
Start importing Assets/Sprites/New Sprites/small-enemy.png using Guid(71112ed6a81a14545bcc0067a77fb94b) Importer(815301076,1909f56bfc062723c751e8b465ee728b)  -> (artifact id: '63b349f2d47020189c2dfc51dfacb77c') in 0.013930 seconds
  Import took 0.022285 seconds .

========================================================================
Received Import Request.
  Time since last request: 0.000253 seconds.
  path: Assets/Sprites/New Sprites/character.png
  artifactKey: Guid(6cb12b9503105c24ba475912a7550c29) Importer(815301076,1909f56bfc062723c751e8b465ee728b)
Start importing Assets/Sprites/New Sprites/character.png using Guid(6cb12b9503105c24ba475912a7550c29) Importer(815301076,1909f56bfc062723c751e8b465ee728b)  -> (artifact id: 'b8d28bcca3834920ec8de53319b00f36') in 0.139397 seconds
  Import took 0.148421 seconds .

========================================================================
Received Import Request.
  Time since last request: 0.000296 seconds.
  path: Assets/Sprites/New Sprites
  artifactKey: Guid(11ac13ad2884ded4d868808136315527) Importer(815301076,1909f56bfc062723c751e8b465ee728b)
Start importing Assets/Sprites/New Sprites using Guid(11ac13ad2884ded4d868808136315527) Importer(815301076,1909f56bfc062723c751e8b465ee728b)  -> (artifact id: 'f5491e2076291620a41511646d29a5a0') in 0.003180 seconds
  Import took 0.009625 seconds .

========================================================================
Received Prepare
Shader 'Universal Render Pipeline/Particles/Lit': fallback shader 'Universal Render Pipeline/Particles/SimpleLit' not found
Refreshing native plugins compatible for Editor in 3.64 ms, found 1 plugins.
Preloading 0 native plugins for Editor in 0.00 ms.
Unloading 7 Unused Serialized files (Serialized files now loaded: 0)
System memory in use before: 75.2 MB.
System memory in use after: 75.4 MB.

Unloading 6 unused Assets to reduce memory usage. Loaded Objects now: 3602.
Total: 6.002100 ms (FindLiveObjects: 0.519200 ms CreateObjectMapping: 0.228400 ms MarkObjects: 5.220600 ms  DeleteObjects: 0.030500 ms)

========================================================================
Received Import Request.
  Time since last request: 73.241993 seconds.
  path: Assets/Sprites/New Sprites/shooter.png
  artifactKey: Guid(5d82ddf21e892ce4fbad260f20816857) Importer(815301076,1909f56bfc062723c751e8b465ee728b)
Start importing Assets/Sprites/New Sprites/shooter.png using Guid(5d82ddf21e892ce4fbad260f20816857) Importer(815301076,1909f56bfc062723c751e8b465ee728b)  -> (artifact id: '508bb1b36318e90fcfb26465ba0cff45') in 0.018803 seconds
  Import took 0.025281 seconds .

========================================================================
Received Prepare
Registering precompiled user dll's ...
Registered in 0.002532 seconds.
Begin MonoManager ReloadAssembly
Native extension for WindowsStandalone target not found
Native extension for WebGL target not found
Refreshing native plugins compatible for Editor in 0.64 ms, found 1 plugins.
Preloading 0 native plugins for Editor in 0.00 ms.
Invoked RoslynAnalysisRunner static constructor.
RoslynAnalysisRunner will not be running.
RoslynAnalysisRunner has terminated.
Mono: successfully reloaded assembly
- Completed reload, in  1.039 seconds
Platform modules already initialized, skipping
Shader 'Universal Render Pipeline/Particles/Lit': fallback shader 'Universal Render Pipeline/Particles/SimpleLit' not found
Refreshing native plugins compatible for Editor in 0.63 ms, found 1 plugins.
Preloading 0 native plugins for Editor in 0.00 ms.
Unloading 3012 Unused Serialized files (Serialized files now loaded: 0)
System memory in use before: 134.5 MB.
System memory in use after: 134.8 MB.

Unloading 10 unused Assets to reduce memory usage. Loaded Objects now: 3607.
Total: 4.288400 ms (FindLiveObjects: 0.636100 ms CreateObjectMapping: 0.361300 ms MarkObjects: 3.263900 ms  DeleteObjects: 0.024500 ms)

========================================================================
Received Prepare
Registering precompiled user dll's ...
Registered in 0.001858 seconds.
Begin MonoManager ReloadAssembly
Native extension for WindowsStandalone target not found
Native extension for WebGL target not found
Refreshing native plugins compatible for Editor in 0.67 ms, found 1 plugins.
Preloading 0 native plugins for Editor in 0.00 ms.
Invoked RoslynAnalysisRunner static constructor.
RoslynAnalysisRunner will not be running.
RoslynAnalysisRunner has terminated.
Mono: successfully reloaded assembly
- Completed reload, in  1.178 seconds
Platform modules already initialized, skipping
Shader 'Universal Render Pipeline/Particles/Lit': fallback shader 'Universal Render Pipeline/Particles/SimpleLit' not found
Refreshing native plugins compatible for Editor in 0.64 ms, found 1 plugins.
Preloading 0 native plugins for Editor in 0.00 ms.
Unloading 3012 Unused Serialized files (Serialized files now loaded: 0)
System memory in use before: 134.6 MB.
System memory in use after: 134.8 MB.

Unloading 10 unused Assets to reduce memory usage. Loaded Objects now: 3610.
Total: 4.189300 ms (FindLiveObjects: 0.334400 ms CreateObjectMapping: 0.154000 ms MarkObjects: 3.678200 ms  DeleteObjects: 0.020900 ms)

========================================================================
Received Prepare
Registering precompiled user dll's ...
Registered in 0.002878 seconds.
Begin MonoManager ReloadAssembly
Native extension for WindowsStandalone target not found
Native extension for WebGL target not found
Refreshing native plugins compatible for Editor in 0.57 ms, found 1 plugins.
Preloading 0 native plugins for Editor in 0.00 ms.
Invoked RoslynAnalysisRunner static constructor.
RoslynAnalysisRunner will not be running.
RoslynAnalysisRunner has terminated.
Mono: successfully reloaded assembly
- Completed reload, in  1.140 seconds
Platform modules already initialized, skipping
Shader 'Universal Render Pipeline/Particles/Lit': fallback shader 'Universal Render Pipeline/Particles/SimpleLit' not found
Refreshing native plugins compatible for Editor in 0.58 ms, found 1 plugins.
Preloading 0 native plugins for Editor in 0.00 ms.
Unloading 3012 Unused Serialized files (Serialized files now loaded: 0)
System memory in use before: 134.6 MB.
System memory in use after: 134.8 MB.

Unloading 10 unused Assets to reduce memory usage. Loaded Objects now: 3613.
Total: 3.957500 ms (FindLiveObjects: 0.475500 ms CreateObjectMapping: 0.287900 ms MarkObjects: 3.173300 ms  DeleteObjects: 0.019400 ms)

========================================================================
Received Import Request.
  Time since last request: 595.168991 seconds.
  path: Assets/Sprites/New Sprites/walls.png
  artifactKey: Guid(4749b57a7d0bb6a4ca5628a60d066111) Importer(815301076,1909f56bfc062723c751e8b465ee728b)
Start importing Assets/Sprites/New Sprites/walls.png using Guid(4749b57a7d0bb6a4ca5628a60d066111) Importer(815301076,1909f56bfc062723c751e8b465ee728b)  -> (artifact id: '930c16f8957e9c1ae258d99d11df2e06') in 0.200726 seconds
  Import took 0.206518 seconds .

